2020-10-10 17:36:56.344  INFO 1 --- [           main] trationDelegate$BeanPostProcessorChecker : Bean 'org.springframework.cloud.autoconfigure.ConfigurationPropertiesRebinderAutoConfiguration' of type [org.springframework.cloud.autoconfigure.ConfigurationPropertiesRebinderAutoConfiguration$$EnhancerBySpringCGLIB$$8d7e7cf1] is not eligible for getting processed by all BeanPostProcessors (for example: not eligible for auto-proxying)

  .   ____          _            __ _ _
 /\\ / ___'_ __ _ _(_)_ __  __ _ \ \ \ \
( ( )\___ | '_ | '_| | '_ \/ _` | \ \ \ \
 \\/  ___)| |_)| | | | | || (_| |  ) ) ) )
  '  |____| .__|_| |_|_| |_\__, | / / / /
 =========|_|==============|___/=/_/_/_/
 :: Spring Boot ::        (v2.1.4.RELEASE)

2020-10-10 17:36:56.594  INFO 1 --- [           main] c.example.demo.EurekaServerApplication   : No active profile set, falling back to default profiles: default
2020-10-10 17:36:58.250  WARN 1 --- [           main] o.s.boot.actuate.endpoint.EndpointId     : Endpoint ID 'service-registry' contains invalid characters, please migrate to a valid format.
2020-10-10 17:36:58.840  INFO 1 --- [           main] o.s.cloud.context.scope.GenericScope     : BeanFactory id=70732503-b5f4-38d3-8aa5-7fe93f9c0d3b
2020-10-10 17:36:59.176  INFO 1 --- [           main] trationDelegate$BeanPostProcessorChecker : Bean 'org.springframework.cloud.autoconfigure.ConfigurationPropertiesRebinderAutoConfiguration' of type [org.springframework.cloud.autoconfigure.ConfigurationPropertiesRebinderAutoConfiguration$$EnhancerBySpringCGLIB$$8d7e7cf1] is not eligible for getting processed by all BeanPostProcessors (for example: not eligible for auto-proxying)
2020-10-10 17:36:59.747  INFO 1 --- [           main] o.s.b.w.embedded.tomcat.TomcatWebServer  : Tomcat initialized with port(s): 8761 (http)
2020-10-10 17:36:59.994  INFO 1 --- [           main] o.apache.catalina.core.StandardService   : Starting service [Tomcat]
2020-10-10 17:36:59.995  INFO 1 --- [           main] org.apache.catalina.core.StandardEngine  : Starting Servlet engine: [Apache Tomcat/9.0.17]
2020-10-10 17:37:00.154  INFO 1 --- [           main] o.a.c.c.C.[Tomcat].[localhost].[/]       : Initializing Spring embedded WebApplicationContext
2020-10-10 17:37:00.154  INFO 1 --- [           main] o.s.web.context.ContextLoader            : Root WebApplicationContext: initialization completed in 3535 ms
2020-10-10 17:37:00.362  WARN 1 --- [           main] c.n.c.sources.URLConfigurationSource     : No URLs will be polled as dynamic configuration sources.
2020-10-10 17:37:00.362  INFO 1 --- [           main] c.n.c.sources.URLConfigurationSource     : To enable URLs as dynamic configuration sources, define System property archaius.configurationSource.additionalUrls or make config.properties available on classpath.
2020-10-10 17:37:00.395  INFO 1 --- [           main] c.netflix.config.DynamicPropertyFactory  : DynamicPropertyFactory is initialized with configuration sources: com.netflix.config.ConcurrentCompositeConfiguration@2205a05d
2020-10-10 17:37:01.526  INFO 1 --- [           main] c.s.j.s.i.a.WebApplicationImpl           : Initiating Jersey application, version 'Jersey: 1.19.1 03/11/2016 02:08 PM'
2020-10-10 17:37:01.722  INFO 1 --- [           main] c.n.d.provider.DiscoveryJerseyProvider   : Using JSON encoding codec LegacyJacksonJson
2020-10-10 17:37:01.725  INFO 1 --- [           main] c.n.d.provider.DiscoveryJerseyProvider   : Using JSON decoding codec LegacyJacksonJson
2020-10-10 17:37:02.110  INFO 1 --- [           main] c.n.d.provider.DiscoveryJerseyProvider   : Using XML encoding codec XStreamXml
2020-10-10 17:37:02.110  INFO 1 --- [           main] c.n.d.provider.DiscoveryJerseyProvider   : Using XML decoding codec XStreamXml
2020-10-10 17:37:02.780  WARN 1 --- [           main] o.s.c.n.a.ArchaiusAutoConfiguration      : No spring.application.name found, defaulting to 'application'
2020-10-10 17:37:02.781  WARN 1 --- [           main] c.n.c.sources.URLConfigurationSource     : No URLs will be polled as dynamic configuration sources.
2020-10-10 17:37:02.782  INFO 1 --- [           main] c.n.c.sources.URLConfigurationSource     : To enable URLs as dynamic configuration sources, define System property archaius.configurationSource.additionalUrls or make config.properties available on classpath.
2020-10-10 17:37:03.109  INFO 1 --- [           main] o.s.s.concurrent.ThreadPoolTaskExecutor  : Initializing ExecutorService 'applicationTaskExecutor'
2020-10-10 17:37:04.108  INFO 1 --- [           main] o.s.c.n.eureka.InstanceInfoFactory       : Setting initial instance status as: STARTING
2020-10-10 17:37:04.179  INFO 1 --- [           main] com.netflix.discovery.DiscoveryClient    : Initializing Eureka in region us-east-1
2020-10-10 17:37:04.179  INFO 1 --- [           main] com.netflix.discovery.DiscoveryClient    : Client configured to neither register nor query for data.
2020-10-10 17:37:04.200  INFO 1 --- [           main] com.netflix.discovery.DiscoveryClient    : Discovery Client initialized at timestamp 1602351424198 with initial instances count: 0
2020-10-10 17:37:04.284  INFO 1 --- [           main] c.n.eureka.DefaultEurekaServerContext    : Initializing ...
2020-10-10 17:37:04.292  INFO 1 --- [           main] c.n.eureka.cluster.PeerEurekaNodes       : Adding new peer nodes [http://localhost:8761/eureka/]
2020-10-10 17:37:04.662  INFO 1 --- [           main] c.n.d.provider.DiscoveryJerseyProvider   : Using JSON encoding codec LegacyJacksonJson
2020-10-10 17:37:04.662  INFO 1 --- [           main] c.n.d.provider.DiscoveryJerseyProvider   : Using JSON decoding codec LegacyJacksonJson
2020-10-10 17:37:04.663  INFO 1 --- [           main] c.n.d.provider.DiscoveryJerseyProvider   : Using XML encoding codec XStreamXml
2020-10-10 17:37:04.663  INFO 1 --- [           main] c.n.d.provider.DiscoveryJerseyProvider   : Using XML decoding codec XStreamXml
2020-10-10 17:37:04.901  INFO 1 --- [           main] c.n.eureka.cluster.PeerEurekaNodes       : Replica node URL:  http://localhost:8761/eureka/
2020-10-10 17:37:04.923  INFO 1 --- [           main] c.n.e.registry.AbstractInstanceRegistry  : Finished initializing remote region registries. All known remote regions: []
2020-10-10 17:37:04.925  INFO 1 --- [           main] c.n.eureka.DefaultEurekaServerContext    : Initialized
2020-10-10 17:37:04.987  INFO 1 --- [           main] o.s.b.a.e.web.EndpointLinksResolver      : Exposing 2 endpoint(s) beneath base path '/actuator'
2020-10-10 17:37:05.186  INFO 1 --- [           main] o.s.c.n.e.s.EurekaServiceRegistry        : Registering application UNKNOWN with eureka with status UP
2020-10-10 17:37:05.219  INFO 1 --- [      Thread-11] o.s.c.n.e.server.EurekaServerBootstrap   : Setting the eureka configuration..
2020-10-10 17:37:05.331  INFO 1 --- [      Thread-11] o.s.c.n.e.server.EurekaServerBootstrap   : isAws returned false
2020-10-10 17:37:05.332  INFO 1 --- [      Thread-11] o.s.c.n.e.server.EurekaServerBootstrap   : Initialized server context
2020-10-10 17:37:05.332  INFO 1 --- [      Thread-11] c.n.e.r.PeerAwareInstanceRegistryImpl    : Got 1 instances from neighboring DS node
2020-10-10 17:37:05.332  INFO 1 --- [      Thread-11] c.n.e.r.PeerAwareInstanceRegistryImpl    : Renew threshold is: 1
2020-10-10 17:37:05.333  INFO 1 --- [      Thread-11] c.n.e.r.PeerAwareInstanceRegistryImpl    : Changing status to UP
2020-10-10 17:37:05.337  INFO 1 --- [           main] o.s.b.w.embedded.tomcat.TomcatWebServer  : Tomcat started on port(s): 8761 (http) with context path ''
2020-10-10 17:37:05.342  INFO 1 --- [           main] .s.c.n.e.s.EurekaAutoServiceRegistration : Updating port to 8761
2020-10-10 17:37:05.344  INFO 1 --- [           main] c.example.demo.EurekaServerApplication   : Started EurekaServerApplication in 11.371 seconds (JVM running for 12.22)
2020-10-10 17:37:05.358  INFO 1 --- [      Thread-11] e.s.EurekaServerInitializerConfiguration : Started Eureka Server
2020-10-10 17:38:05.335  INFO 1 --- [a-EvictionTimer] c.n.e.registry.AbstractInstanceRegistry  : Running the evict task with compensationTime 0ms
2020-10-10 17:39:05.334  INFO 1 --- [a-EvictionTimer] c.n.e.registry.AbstractInstanceRegistry  : Running the evict task with compensationTime 0ms
2020-10-10 17:40:05.334  INFO 1 --- [a-EvictionTimer] c.n.e.registry.AbstractInstanceRegistry  : Running the evict task with compensationTime 0ms
2020-10-10 17:41:05.335  INFO 1 --- [a-EvictionTimer] c.n.e.registry.AbstractInstanceRegistry  : Running the evict task with compensationTime 0ms
2020-10-10 17:42:05.334  INFO 1 --- [a-EvictionTimer] c.n.e.registry.AbstractInstanceRegistry  : Running the evict task with compensationTime 0ms
2020-10-10 17:43:05.334  INFO 1 --- [a-EvictionTimer] c.n.e.registry.AbstractInstanceRegistry  : Running the evict task with compensationTime 0ms
2020-10-10 17:44:05.334  INFO 1 --- [a-EvictionTimer] c.n.e.registry.AbstractInstanceRegistry  : Running the evict task with compensationTime 0ms
2020-10-10 17:45:05.334  INFO 1 --- [a-EvictionTimer] c.n.e.registry.AbstractInstanceRegistry  : Running the evict task with compensationTime 0ms
2020-10-10 17:46:05.334  INFO 1 --- [a-EvictionTimer] c.n.e.registry.AbstractInstanceRegistry  : Running the evict task with compensationTime 0ms
